[debug] [2022-11-22T13:46:14.360Z] ----------------------------------------------------------------------
[debug] [2022-11-22T13:46:14.360Z] Command:       /Users/autoauto/.nvm/versions/node/v18.4.0/bin/node /Users/autoauto/.nvm/versions/node/v18.4.0/bin/firebase functions:shell
[debug] [2022-11-22T13:46:14.361Z] CLI Version:   11.16.1
[debug] [2022-11-22T13:46:14.361Z] Platform:      darwin
[debug] [2022-11-22T13:46:14.361Z] Node Version:  v18.4.0
[debug] [2022-11-22T13:46:14.362Z] Time:          Tue Nov 22 2022 14:46:14 GMT+0100 (hora estándar de Europa central)
[debug] [2022-11-22T13:46:14.362Z] ----------------------------------------------------------------------
[debug] 
[debug] [2022-11-22T13:46:14.393Z] > command requires scopes: ["email","openid","https://www.googleapis.com/auth/cloudplatformprojects.readonly","https://www.googleapis.com/auth/firebase","https://www.googleapis.com/auth/cloud-platform"]
[debug] [2022-11-22T13:46:14.394Z] > authorizing via signed-in user (laszorrasdebielsa@gmail.com)
[debug] [2022-11-22T13:46:14.394Z] [iam] checking project clone-d6e85 for permissions ["firebase.projects.get"]
[debug] [2022-11-22T13:46:14.395Z] >>> [apiv2][query] POST https://cloudresourcemanager.googleapis.com/v1/projects/clone-d6e85:testIamPermissions [none]
[debug] [2022-11-22T13:46:14.395Z] >>> [apiv2][(partial)header] POST https://cloudresourcemanager.googleapis.com/v1/projects/clone-d6e85:testIamPermissions x-goog-quota-user=projects/clone-d6e85
[debug] [2022-11-22T13:46:14.395Z] >>> [apiv2][body] POST https://cloudresourcemanager.googleapis.com/v1/projects/clone-d6e85:testIamPermissions {"permissions":["firebase.projects.get"]}
[debug] [2022-11-22T13:46:15.304Z] <<< [apiv2][status] POST https://cloudresourcemanager.googleapis.com/v1/projects/clone-d6e85:testIamPermissions 200
[debug] [2022-11-22T13:46:15.305Z] <<< [apiv2][body] POST https://cloudresourcemanager.googleapis.com/v1/projects/clone-d6e85:testIamPermissions {"permissions":["firebase.projects.get"]}
[warn] ⚠  functions: Functions Emulator unable to start on port 5000, starting on 5001 instead. {"metadata":{"emulator":{"name":"functions"},"message":"Functions Emulator unable to start on port 5000, starting on 5001 instead."}}
[debug] [2022-11-22T13:46:15.431Z] [functions] Functions Emulator only supports listening on one address (127.0.0.1). Not listening on ::1
[warn] ⚠  Your requested "node" version "16" doesn't match your global version "18". Using node@18 from host. {"metadata":{"emulator":{"name":"functions"},"message":"Your requested \"node\" version \"16\" doesn't match your global version \"18\". Using node@18 from host."}}
[debug] [2022-11-22T13:46:15.437Z] defaultcredentials: writing to file /Users/autoauto/.config/firebase/laszorrasdebielsa_gmail_com_application_default_credentials.json
[debug] [2022-11-22T13:46:15.441Z] DEBUG: Setting GAC to /Users/autoauto/.config/firebase/laszorrasdebielsa_gmail_com_application_default_credentials.json
[debug] [2022-11-22T13:46:15.442Z] >>> [apiv2][query] GET https://firebase.googleapis.com/v1beta1/projects/clone-d6e85/adminSdkConfig [none]
[debug] [2022-11-22T13:46:15.807Z] <<< [apiv2][status] GET https://firebase.googleapis.com/v1beta1/projects/clone-d6e85/adminSdkConfig 200
[debug] [2022-11-22T13:46:15.807Z] <<< [apiv2][body] GET https://firebase.googleapis.com/v1beta1/projects/clone-d6e85/adminSdkConfig {"projectId":"clone-d6e85","databaseURL":"https://clone-d6e85-default-rtdb.europe-west1.firebasedatabase.app","storageBucket":"clone-d6e85.appspot.com","locationId":"europe-west"}
[debug] [2022-11-22T13:46:15.841Z] [functions] Watching "/Users/autoauto/Desktop/CODE/Nuevo Proyecto/amazon-clone/functions" for Cloud Functions...
[debug] [2022-11-22T13:46:15.847Z] Validating nodejs source
[debug] [2022-11-22T13:46:16.509Z] > [functions] package.json contents: {
  "name": "functions",
  "description": "Cloud Functions for Firebase",
  "scripts": {
    "serve": "firebase emulators:start --only functions",
    "shell": "firebase functions:shell",
    "start": "npm run shell",
    "deploy": "firebase deploy --only functions",
    "logs": "firebase functions:log"
  },
  "engines": {
    "node": "16"
  },
  "main": "index.js",
  "dependencies": {
    "build": "^0.1.4",
    "eslint": "^8.28.0",
    "firebase": "^9.14.0",
    "firebase-admin": "^10.0.2",
    "firebase-functions": "^4.1.0",
    "lint": "^1.1.2"
  },
  "devDependencies": {
    "firebase-functions-test": "^0.2.0"
  },
  "private": true
}
[debug] [2022-11-22T13:46:16.509Z] Building nodejs source
[debug] [2022-11-22T13:46:16.509Z] Analyzing nodejs backend spec
[debug] [2022-11-22T13:46:16.510Z] Could not find functions.yaml. Must use http discovery
[debug] [2022-11-22T13:46:16.586Z] Serving at port 9005

[debug] [2022-11-22T13:46:16.674Z] Got response from /__/functions.yaml {"endpoints":{"api":{"platform":"gcfv1","availableMemoryMb":null,"timeoutSeconds":null,"minInstances":null,"maxInstances":null,"ingressSettings":null,"serviceAccountEmail":null,"vpc":null,"httpsTrigger":{},"entryPoint":"api"}},"specVersion":"v1alpha1","requiredAPIs":[]}
[debug] [2022-11-22T13:46:16.678Z] shutdown requested via /__/quitquitquit

[debug] [2022-11-22T13:46:16.682Z] [functions] Loaded functions definitions from source: api.
[debug] [2022-11-22T13:46:16.682Z] [functions[us-central1-api]] http function initialized (http://127.0.0.1:5001/clone-d6e85/us-central1/api).
[info] i  functions: Loaded functions: api 
[warn] ⚠  functions: The following emulators are not running, calls to these services will affect production: firestore, database, pubsub, storage, eventarc 
[debug] [2022-11-22T13:46:56.645Z] [work-queue] {"queueLength":1,"workRunningCount":0}
[debug] [2022-11-22T13:46:56.646Z] [work-queue] {"queueLength":0,"workRunningCount":1}
[debug] [2022-11-22T13:46:56.647Z] Accepted request POST /clone-d6e85/us-central1/api/payments/create?total=162000 --> us-central1-api
[debug] [2022-11-22T13:46:56.659Z] DEBUG: [functions] Runtime ready! Sending request!
[debug] [2022-11-22T13:46:56.659Z] DEBUG: [functions] Got req.url=/clone-d6e85/us-central1/api/payments/create?total=162000, mapping to path=/payments/create?total=162000
[debug] [2022-11-22T13:46:56.667Z] DEBUG: [worker-pool] addWorker(us-central1-api)
[debug] [2022-11-22T13:46:56.668Z] DEBUG: [worker-pool] Adding worker with key us-central1-api, total=1
[debug] [2022-11-22T13:46:57.227Z] DEBUG: [runtime-status] [83533] Resolved module firebase-admin {"declared":true,"installed":true,"version":"10.3.0","resolution":"/Users/autoauto/Desktop/CODE/Nuevo Proyecto/amazon-clone/functions/node_modules/firebase-admin/lib/index.js"}
[debug] [2022-11-22T13:46:57.228Z] DEBUG: [runtime-status] [83533] Resolved module firebase-functions {"declared":true,"installed":true,"version":"4.1.0","resolution":"/Users/autoauto/Desktop/CODE/Nuevo Proyecto/amazon-clone/functions/node_modules/firebase-functions/lib/v1/index.js"}
[debug] [2022-11-22T13:46:57.228Z] DEBUG: [runtime-status] [83533] Outgoing network have been stubbed. [{"name":"http","status":"mocked"},{"name":"http","status":"mocked"},{"name":"https","status":"mocked"},{"name":"https","status":"mocked"},{"name":"net","status":"mocked"}]
[debug] [2022-11-22T13:46:57.228Z] DEBUG: [runtime-status] [83533] Resolved module firebase-functions {"declared":true,"installed":true,"version":"4.1.0","resolution":"/Users/autoauto/Desktop/CODE/Nuevo Proyecto/amazon-clone/functions/node_modules/firebase-functions/lib/v1/index.js"}
[debug] [2022-11-22T13:46:57.317Z] DEBUG: [runtime-status] [83533] Checked functions.config() {"config":{}}
[debug] [2022-11-22T13:46:57.317Z] DEBUG: [runtime-status] [83533] firebase-functions has been stubbed. {"functionsResolution":{"declared":true,"installed":true,"version":"4.1.0","resolution":"/Users/autoauto/Desktop/CODE/Nuevo Proyecto/amazon-clone/functions/node_modules/firebase-functions/lib/v1/index.js"}}
[debug] [2022-11-22T13:46:57.317Z] DEBUG: [runtime-status] [83533] Resolved module firebase-functions {"declared":true,"installed":true,"version":"4.1.0","resolution":"/Users/autoauto/Desktop/CODE/Nuevo Proyecto/amazon-clone/functions/node_modules/firebase-functions/lib/v1/index.js"}
[debug] [2022-11-22T13:46:57.317Z] DEBUG: [runtime-status] [83533] Resolved module firebase-admin {"declared":true,"installed":true,"version":"10.3.0","resolution":"/Users/autoauto/Desktop/CODE/Nuevo Proyecto/amazon-clone/functions/node_modules/firebase-admin/lib/index.js"}
[debug] [2022-11-22T13:46:57.320Z] DEBUG: [runtime-status] [83533] Resolved module firebase-functions {"declared":true,"installed":true,"version":"4.1.0","resolution":"/Users/autoauto/Desktop/CODE/Nuevo Proyecto/amazon-clone/functions/node_modules/firebase-functions/lib/v1/index.js"}
[debug] [2022-11-22T13:46:57.320Z] DEBUG: [runtime-status] [83533] firebase-admin has been stubbed. {"adminResolution":{"declared":true,"installed":true,"version":"10.3.0","resolution":"/Users/autoauto/Desktop/CODE/Nuevo Proyecto/amazon-clone/functions/node_modules/firebase-admin/lib/index.js"}}
[debug] [2022-11-22T13:46:57.385Z] DEBUG: [runtime-status] [83533] Functions runtime initialized. {"cwd":"/Users/autoauto/Desktop/CODE/Nuevo Proyecto/amazon-clone/functions","node_version":"18.4.0"}
[debug] [2022-11-22T13:46:57.386Z] DEBUG: [runtime-status] [83533] Listening to port: /var/folders/ln/vlxmm7s93qnghc336tddsqk40000gn/T/fire_emu_3feaf0b5e11bd956.sock
[debug] [2022-11-22T13:46:57.488Z] DEBUG: [worker-us-central1-api-daff2fc3-558e-4e8b-a27c-d98737060cdc]: IDLE
[debug] [2022-11-22T13:46:57.489Z] DEBUG: [worker-pool] submitRequest(triggerId=us-central1-api)
[debug] [2022-11-22T13:46:57.489Z] DEBUG: [worker-us-central1-api-daff2fc3-558e-4e8b-a27c-d98737060cdc]: BUSY
[debug] [2022-11-22T13:46:57.491Z] [functions] Beginning execution of "api"
[info] >  Payment Request Recieved BOOM!!! for this amount >>>  162000 {"user":"Payment Request Recieved BOOM!!! for this amount >>>  162000","metadata":{"emulator":{"name":"functions"},"function":{"name":"us-central1-api"},"extension":{},"message":"\u001b[90m> \u001b[39m Payment Request Recieved BOOM!!! for this amount >>>  162000"}}
[debug] [2022-11-22T13:46:58.216Z] DEBUG: [worker-us-central1-api-daff2fc3-558e-4e8b-a27c-d98737060cdc]: IDLE
[debug] [2022-11-22T13:46:58.216Z] [work-queue] {"queueLength":0,"workRunningCount":0}
[debug] [2022-11-22T13:46:58.217Z] [functions] Finished "api" in 722.751792ms
[debug] [2022-11-22T13:47:04.675Z] [work-queue] {"queueLength":1,"workRunningCount":0}
[debug] [2022-11-22T13:47:04.677Z] [work-queue] {"queueLength":0,"workRunningCount":1}
[debug] [2022-11-22T13:47:04.677Z] Accepted request POST /clone-d6e85/us-central1/api/payments/create?total=0 --> us-central1-api
[debug] [2022-11-22T13:47:04.687Z] DEBUG: [functions] Runtime ready! Sending request!
[debug] [2022-11-22T13:47:04.687Z] DEBUG: [functions] Got req.url=/clone-d6e85/us-central1/api/payments/create?total=0, mapping to path=/payments/create?total=0
[debug] [2022-11-22T13:47:04.687Z] DEBUG: [worker-pool] submitRequest(triggerId=us-central1-api)
[debug] [2022-11-22T13:47:04.687Z] DEBUG: [worker-us-central1-api-daff2fc3-558e-4e8b-a27c-d98737060cdc]: BUSY
[debug] [2022-11-22T13:47:04.690Z] [functions] Beginning execution of "api"
[info] >  Payment Request Recieved BOOM!!! for this amount >>>  0 {"user":"Payment Request Recieved BOOM!!! for this amount >>>  0","metadata":{"emulator":{"name":"functions"},"function":{"name":"us-central1-api"},"extension":{},"message":"\u001b[90m> \u001b[39m Payment Request Recieved BOOM!!! for this amount >>>  0"}}
[info] >  /Users/autoauto/Desktop/CODE/Nuevo Proyecto/amazon-clone/node_modules/stripe/lib/Error.js:38 {"user":"/Users/autoauto/Desktop/CODE/Nuevo Proyecto/amazon-clone/node_modules/stripe/lib/Error.js:38","metadata":{"emulator":{"name":"functions"},"function":{"name":"us-central1-api"},"extension":{},"message":"\u001b[90m> \u001b[39m /Users/autoauto/Desktop/CODE/Nuevo Proyecto/amazon-clone/node_modules/stripe/lib/Error.js:38"}}
[info] >          return new StripeInvalidRequestError(rawStripeError); {"user":"        return new StripeInvalidRequestError(rawStripeError);","metadata":{"emulator":{"name":"functions"},"function":{"name":"us-central1-api"},"extension":{},"message":"\u001b[90m> \u001b[39m         return new StripeInvalidRequestError(rawStripeError);"}}
[info] >                 ^ {"user":"               ^","metadata":{"emulator":{"name":"functions"},"function":{"name":"us-central1-api"},"extension":{},"message":"\u001b[90m> \u001b[39m                ^"}}
[info] >   {"user":"","metadata":{"emulator":{"name":"functions"},"function":{"name":"us-central1-api"},"extension":{},"message":"\u001b[90m> \u001b[39m "}}
[info] >  StripeInvalidRequestError: This value must be greater than or equal to 1. {"user":"StripeInvalidRequestError: This value must be greater than or equal to 1.","metadata":{"emulator":{"name":"functions"},"function":{"name":"us-central1-api"},"extension":{},"message":"\u001b[90m> \u001b[39m StripeInvalidRequestError: This value must be greater than or equal to 1."}}
[info] >      at StripeError.generate (/Users/autoauto/Desktop/CODE/Nuevo Proyecto/amazon-clone/node_modules/stripe/lib/Error.js:38:16) {"user":"    at StripeError.generate (/Users/autoauto/Desktop/CODE/Nuevo Proyecto/amazon-clone/node_modules/stripe/lib/Error.js:38:16)","metadata":{"emulator":{"name":"functions"},"function":{"name":"us-central1-api"},"extension":{},"message":"\u001b[90m> \u001b[39m     at StripeError.generate (/Users/autoauto/Desktop/CODE/Nuevo Proyecto/amazon-clone/node_modules/stripe/lib/Error.js:38:16)"}}
[info] >      at res.toJSON.then.StripeAPIError.message (/Users/autoauto/Desktop/CODE/Nuevo Proyecto/amazon-clone/node_modules/stripe/lib/StripeResource.js:190:35) {"user":"    at res.toJSON.then.StripeAPIError.message (/Users/autoauto/Desktop/CODE/Nuevo Proyecto/amazon-clone/node_modules/stripe/lib/StripeResource.js:190:35)","metadata":{"emulator":{"name":"functions"},"function":{"name":"us-central1-api"},"extension":{},"message":"\u001b[90m> \u001b[39m     at res.toJSON.then.StripeAPIError.message (/Users/autoauto/Desktop/CODE/Nuevo Proyecto/amazon-clone/node_modules/stripe/lib/StripeResource.js:190:35)"}}
[info] >      at process.processTicksAndRejections (node:internal/process/task_queues:95:5) { {"user":"    at process.processTicksAndRejections (node:internal/process/task_queues:95:5) {","metadata":{"emulator":{"name":"functions"},"function":{"name":"us-central1-api"},"extension":{},"message":"\u001b[90m> \u001b[39m     at process.processTicksAndRejections (node:internal/process/task_queues:95:5) {"}}
[info] >    type: 'StripeInvalidRequestError', {"user":"  type: 'StripeInvalidRequestError',","metadata":{"emulator":{"name":"functions"},"function":{"name":"us-central1-api"},"extension":{},"message":"\u001b[90m> \u001b[39m   type: 'StripeInvalidRequestError',"}}
[info] >    raw: { {"user":"  raw: {","metadata":{"emulator":{"name":"functions"},"function":{"name":"us-central1-api"},"extension":{},"message":"\u001b[90m> \u001b[39m   raw: {"}}
[info] >      code: 'parameter_invalid_integer', {"user":"    code: 'parameter_invalid_integer',","metadata":{"emulator":{"name":"functions"},"function":{"name":"us-central1-api"},"extension":{},"message":"\u001b[90m> \u001b[39m     code: 'parameter_invalid_integer',"}}
[info] >      doc_url: 'https://stripe.com/docs/error-codes/parameter-invalid-integer', {"user":"    doc_url: 'https://stripe.com/docs/error-codes/parameter-invalid-integer',","metadata":{"emulator":{"name":"functions"},"function":{"name":"us-central1-api"},"extension":{},"message":"\u001b[90m> \u001b[39m     doc_url: 'https://stripe.com/docs/error-codes/parameter-invalid-integer',"}}
[info] >      message: 'This value must be greater than or equal to 1.', {"user":"    message: 'This value must be greater than or equal to 1.',","metadata":{"emulator":{"name":"functions"},"function":{"name":"us-central1-api"},"extension":{},"message":"\u001b[90m> \u001b[39m     message: 'This value must be greater than or equal to 1.',"}}
[info] >      param: 'amount', {"user":"    param: 'amount',","metadata":{"emulator":{"name":"functions"},"function":{"name":"us-central1-api"},"extension":{},"message":"\u001b[90m> \u001b[39m     param: 'amount',"}}
[info] >      request_log_url: 'https://dashboard.stripe.com/test/logs/req_r2GtrSmXnuauWQ?t=1669124824', {"user":"    request_log_url: 'https://dashboard.stripe.com/test/logs/req_r2GtrSmXnuauWQ?t=1669124824',","metadata":{"emulator":{"name":"functions"},"function":{"name":"us-central1-api"},"extension":{},"message":"\u001b[90m> \u001b[39m     request_log_url: 'https://dashboard.stripe.com/test/logs/req_r2GtrSmXnuauWQ?t=1669124824',"}}
[info] >      type: 'invalid_request_error', {"user":"    type: 'invalid_request_error',","metadata":{"emulator":{"name":"functions"},"function":{"name":"us-central1-api"},"extension":{},"message":"\u001b[90m> \u001b[39m     type: 'invalid_request_error',"}}
[info] >      headers: { {"user":"    headers: {","metadata":{"emulator":{"name":"functions"},"function":{"name":"us-central1-api"},"extension":{},"message":"\u001b[90m> \u001b[39m     headers: {"}}
[info] >        server: 'nginx', {"user":"      server: 'nginx',","metadata":{"emulator":{"name":"functions"},"function":{"name":"us-central1-api"},"extension":{},"message":"\u001b[90m> \u001b[39m       server: 'nginx',"}}
[info] >        date: 'Tue, 22 Nov 2022 13:47:04 GMT', {"user":"      date: 'Tue, 22 Nov 2022 13:47:04 GMT',","metadata":{"emulator":{"name":"functions"},"function":{"name":"us-central1-api"},"extension":{},"message":"\u001b[90m> \u001b[39m       date: 'Tue, 22 Nov 2022 13:47:04 GMT',"}}
[info] >        'content-type': 'application/json', {"user":"      'content-type': 'application/json',","metadata":{"emulator":{"name":"functions"},"function":{"name":"us-central1-api"},"extension":{},"message":"\u001b[90m> \u001b[39m       'content-type': 'application/json',"}}
[info] >        'content-length': '363', {"user":"      'content-length': '363',","metadata":{"emulator":{"name":"functions"},"function":{"name":"us-central1-api"},"extension":{},"message":"\u001b[90m> \u001b[39m       'content-length': '363',"}}
[info] >        connection: 'keep-alive', {"user":"      connection: 'keep-alive',","metadata":{"emulator":{"name":"functions"},"function":{"name":"us-central1-api"},"extension":{},"message":"\u001b[90m> \u001b[39m       connection: 'keep-alive',"}}
[info] >        'access-control-allow-credentials': 'true', {"user":"      'access-control-allow-credentials': 'true',","metadata":{"emulator":{"name":"functions"},"function":{"name":"us-central1-api"},"extension":{},"message":"\u001b[90m> \u001b[39m       'access-control-allow-credentials': 'true',"}}
[info] >        'access-control-allow-methods': 'GET, POST, HEAD, OPTIONS, DELETE', {"user":"      'access-control-allow-methods': 'GET, POST, HEAD, OPTIONS, DELETE',","metadata":{"emulator":{"name":"functions"},"function":{"name":"us-central1-api"},"extension":{},"message":"\u001b[90m> \u001b[39m       'access-control-allow-methods': 'GET, POST, HEAD, OPTIONS, DELETE',"}}
[info] >        'access-control-allow-origin': '*', {"user":"      'access-control-allow-origin': '*',","metadata":{"emulator":{"name":"functions"},"function":{"name":"us-central1-api"},"extension":{},"message":"\u001b[90m> \u001b[39m       'access-control-allow-origin': '*',"}}
[info] >        'access-control-expose-headers': 'Request-Id, Stripe-Manage-Version, X-Stripe-External-Auth-Required, X-Stripe-Privileged-Session-Required', {"user":"      'access-control-expose-headers': 'Request-Id, Stripe-Manage-Version, X-Stripe-External-Auth-Required, X-Stripe-Privileged-Session-Required',","metadata":{"emulator":{"name":"functions"},"function":{"name":"us-central1-api"},"extension":{},"message":"\u001b[90m> \u001b[39m       'access-control-expose-headers': 'Request-Id, Stripe-Manage-Version, X-Stripe-External-Auth-Required, X-Stripe-Privileged-Session-Required',"}}
[info] >        'access-control-max-age': '300', {"user":"      'access-control-max-age': '300',","metadata":{"emulator":{"name":"functions"},"function":{"name":"us-central1-api"},"extension":{},"message":"\u001b[90m> \u001b[39m       'access-control-max-age': '300',"}}
[info] >        'cache-control': 'no-cache, no-store', {"user":"      'cache-control': 'no-cache, no-store',","metadata":{"emulator":{"name":"functions"},"function":{"name":"us-central1-api"},"extension":{},"message":"\u001b[90m> \u001b[39m       'cache-control': 'no-cache, no-store',"}}
[info] >        'idempotency-key': '6a49fb97-eb40-4b31-b028-6ef68ccf953d', {"user":"      'idempotency-key': '6a49fb97-eb40-4b31-b028-6ef68ccf953d',","metadata":{"emulator":{"name":"functions"},"function":{"name":"us-central1-api"},"extension":{},"message":"\u001b[90m> \u001b[39m       'idempotency-key': '6a49fb97-eb40-4b31-b028-6ef68ccf953d',"}}
[info] >        'original-request': 'req_r2GtrSmXnuauWQ', {"user":"      'original-request': 'req_r2GtrSmXnuauWQ',","metadata":{"emulator":{"name":"functions"},"function":{"name":"us-central1-api"},"extension":{},"message":"\u001b[90m> \u001b[39m       'original-request': 'req_r2GtrSmXnuauWQ',"}}
[info] >        'request-id': 'req_r2GtrSmXnuauWQ', {"user":"      'request-id': 'req_r2GtrSmXnuauWQ',","metadata":{"emulator":{"name":"functions"},"function":{"name":"us-central1-api"},"extension":{},"message":"\u001b[90m> \u001b[39m       'request-id': 'req_r2GtrSmXnuauWQ',"}}
[info] >        'stripe-version': '2022-11-15', {"user":"      'stripe-version': '2022-11-15',","metadata":{"emulator":{"name":"functions"},"function":{"name":"us-central1-api"},"extension":{},"message":"\u001b[90m> \u001b[39m       'stripe-version': '2022-11-15',"}}
[info] >        'strict-transport-security': 'max-age=63072000; includeSubDomains; preload' {"user":"      'strict-transport-security': 'max-age=63072000; includeSubDomains; preload'","metadata":{"emulator":{"name":"functions"},"function":{"name":"us-central1-api"},"extension":{},"message":"\u001b[90m> \u001b[39m       'strict-transport-security': 'max-age=63072000; includeSubDomains; preload'"}}
[info] >      }, {"user":"    },","metadata":{"emulator":{"name":"functions"},"function":{"name":"us-central1-api"},"extension":{},"message":"\u001b[90m> \u001b[39m     },"}}
[info] >      statusCode: 400, {"user":"    statusCode: 400,","metadata":{"emulator":{"name":"functions"},"function":{"name":"us-central1-api"},"extension":{},"message":"\u001b[90m> \u001b[39m     statusCode: 400,"}}
[info] >      requestId: 'req_r2GtrSmXnuauWQ' {"user":"    requestId: 'req_r2GtrSmXnuauWQ'","metadata":{"emulator":{"name":"functions"},"function":{"name":"us-central1-api"},"extension":{},"message":"\u001b[90m> \u001b[39m     requestId: 'req_r2GtrSmXnuauWQ'"}}
[info] >    }, {"user":"  },","metadata":{"emulator":{"name":"functions"},"function":{"name":"us-central1-api"},"extension":{},"message":"\u001b[90m> \u001b[39m   },"}}
[info] >    rawType: 'invalid_request_error', {"user":"  rawType: 'invalid_request_error',","metadata":{"emulator":{"name":"functions"},"function":{"name":"us-central1-api"},"extension":{},"message":"\u001b[90m> \u001b[39m   rawType: 'invalid_request_error',"}}
[info] >    code: 'parameter_invalid_integer', {"user":"  code: 'parameter_invalid_integer',","metadata":{"emulator":{"name":"functions"},"function":{"name":"us-central1-api"},"extension":{},"message":"\u001b[90m> \u001b[39m   code: 'parameter_invalid_integer',"}}
[info] >    doc_url: 'https://stripe.com/docs/error-codes/parameter-invalid-integer', {"user":"  doc_url: 'https://stripe.com/docs/error-codes/parameter-invalid-integer',","metadata":{"emulator":{"name":"functions"},"function":{"name":"us-central1-api"},"extension":{},"message":"\u001b[90m> \u001b[39m   doc_url: 'https://stripe.com/docs/error-codes/parameter-invalid-integer',"}}
[info] >    param: 'amount', {"user":"  param: 'amount',","metadata":{"emulator":{"name":"functions"},"function":{"name":"us-central1-api"},"extension":{},"message":"\u001b[90m> \u001b[39m   param: 'amount',"}}
[info] >    detail: undefined, {"user":"  detail: undefined,","metadata":{"emulator":{"name":"functions"},"function":{"name":"us-central1-api"},"extension":{},"message":"\u001b[90m> \u001b[39m   detail: undefined,"}}
[info] >    headers: { {"user":"  headers: {","metadata":{"emulator":{"name":"functions"},"function":{"name":"us-central1-api"},"extension":{},"message":"\u001b[90m> \u001b[39m   headers: {"}}
[info] >      server: 'nginx', {"user":"    server: 'nginx',","metadata":{"emulator":{"name":"functions"},"function":{"name":"us-central1-api"},"extension":{},"message":"\u001b[90m> \u001b[39m     server: 'nginx',"}}
[info] >      date: 'Tue, 22 Nov 2022 13:47:04 GMT', {"user":"    date: 'Tue, 22 Nov 2022 13:47:04 GMT',","metadata":{"emulator":{"name":"functions"},"function":{"name":"us-central1-api"},"extension":{},"message":"\u001b[90m> \u001b[39m     date: 'Tue, 22 Nov 2022 13:47:04 GMT',"}}
[info] >      'content-type': 'application/json', {"user":"    'content-type': 'application/json',","metadata":{"emulator":{"name":"functions"},"function":{"name":"us-central1-api"},"extension":{},"message":"\u001b[90m> \u001b[39m     'content-type': 'application/json',"}}
[info] >      'content-length': '363', {"user":"    'content-length': '363',","metadata":{"emulator":{"name":"functions"},"function":{"name":"us-central1-api"},"extension":{},"message":"\u001b[90m> \u001b[39m     'content-length': '363',"}}
[info] >      connection: 'keep-alive', {"user":"    connection: 'keep-alive',","metadata":{"emulator":{"name":"functions"},"function":{"name":"us-central1-api"},"extension":{},"message":"\u001b[90m> \u001b[39m     connection: 'keep-alive',"}}
[info] >      'access-control-allow-credentials': 'true', {"user":"    'access-control-allow-credentials': 'true',","metadata":{"emulator":{"name":"functions"},"function":{"name":"us-central1-api"},"extension":{},"message":"\u001b[90m> \u001b[39m     'access-control-allow-credentials': 'true',"}}
[info] >      'access-control-allow-methods': 'GET, POST, HEAD, OPTIONS, DELETE', {"user":"    'access-control-allow-methods': 'GET, POST, HEAD, OPTIONS, DELETE',","metadata":{"emulator":{"name":"functions"},"function":{"name":"us-central1-api"},"extension":{},"message":"\u001b[90m> \u001b[39m     'access-control-allow-methods': 'GET, POST, HEAD, OPTIONS, DELETE',"}}
[info] >      'access-control-allow-origin': '*', {"user":"    'access-control-allow-origin': '*',","metadata":{"emulator":{"name":"functions"},"function":{"name":"us-central1-api"},"extension":{},"message":"\u001b[90m> \u001b[39m     'access-control-allow-origin': '*',"}}
[info] >      'access-control-expose-headers': 'Request-Id, Stripe-Manage-Version, X-Stripe-External-Auth-Required, X-Stripe-Privileged-Session-Required', {"user":"    'access-control-expose-headers': 'Request-Id, Stripe-Manage-Version, X-Stripe-External-Auth-Required, X-Stripe-Privileged-Session-Required',","metadata":{"emulator":{"name":"functions"},"function":{"name":"us-central1-api"},"extension":{},"message":"\u001b[90m> \u001b[39m     'access-control-expose-headers': 'Request-Id, Stripe-Manage-Version, X-Stripe-External-Auth-Required, X-Stripe-Privileged-Session-Required',"}}
[info] >      'access-control-max-age': '300', {"user":"    'access-control-max-age': '300',","metadata":{"emulator":{"name":"functions"},"function":{"name":"us-central1-api"},"extension":{},"message":"\u001b[90m> \u001b[39m     'access-control-max-age': '300',"}}
[info] >      'cache-control': 'no-cache, no-store', {"user":"    'cache-control': 'no-cache, no-store',","metadata":{"emulator":{"name":"functions"},"function":{"name":"us-central1-api"},"extension":{},"message":"\u001b[90m> \u001b[39m     'cache-control': 'no-cache, no-store',"}}
[info] >      'idempotency-key': '6a49fb97-eb40-4b31-b028-6ef68ccf953d', {"user":"    'idempotency-key': '6a49fb97-eb40-4b31-b028-6ef68ccf953d',","metadata":{"emulator":{"name":"functions"},"function":{"name":"us-central1-api"},"extension":{},"message":"\u001b[90m> \u001b[39m     'idempotency-key': '6a49fb97-eb40-4b31-b028-6ef68ccf953d',"}}
[info] >      'original-request': 'req_r2GtrSmXnuauWQ', {"user":"    'original-request': 'req_r2GtrSmXnuauWQ',","metadata":{"emulator":{"name":"functions"},"function":{"name":"us-central1-api"},"extension":{},"message":"\u001b[90m> \u001b[39m     'original-request': 'req_r2GtrSmXnuauWQ',"}}
[info] >      'request-id': 'req_r2GtrSmXnuauWQ', {"user":"    'request-id': 'req_r2GtrSmXnuauWQ',","metadata":{"emulator":{"name":"functions"},"function":{"name":"us-central1-api"},"extension":{},"message":"\u001b[90m> \u001b[39m     'request-id': 'req_r2GtrSmXnuauWQ',"}}
[info] >      'stripe-version': '2022-11-15', {"user":"    'stripe-version': '2022-11-15',","metadata":{"emulator":{"name":"functions"},"function":{"name":"us-central1-api"},"extension":{},"message":"\u001b[90m> \u001b[39m     'stripe-version': '2022-11-15',"}}
[info] >      'strict-transport-security': 'max-age=63072000; includeSubDomains; preload' {"user":"    'strict-transport-security': 'max-age=63072000; includeSubDomains; preload'","metadata":{"emulator":{"name":"functions"},"function":{"name":"us-central1-api"},"extension":{},"message":"\u001b[90m> \u001b[39m     'strict-transport-security': 'max-age=63072000; includeSubDomains; preload'"}}
[info] >    }, {"user":"  },","metadata":{"emulator":{"name":"functions"},"function":{"name":"us-central1-api"},"extension":{},"message":"\u001b[90m> \u001b[39m   },"}}
[info] >    requestId: 'req_r2GtrSmXnuauWQ', {"user":"  requestId: 'req_r2GtrSmXnuauWQ',","metadata":{"emulator":{"name":"functions"},"function":{"name":"us-central1-api"},"extension":{},"message":"\u001b[90m> \u001b[39m   requestId: 'req_r2GtrSmXnuauWQ',"}}
[info] >    statusCode: 400, {"user":"  statusCode: 400,","metadata":{"emulator":{"name":"functions"},"function":{"name":"us-central1-api"},"extension":{},"message":"\u001b[90m> \u001b[39m   statusCode: 400,"}}
[info] >    charge: undefined, {"user":"  charge: undefined,","metadata":{"emulator":{"name":"functions"},"function":{"name":"us-central1-api"},"extension":{},"message":"\u001b[90m> \u001b[39m   charge: undefined,"}}
[info] >    decline_code: undefined, {"user":"  decline_code: undefined,","metadata":{"emulator":{"name":"functions"},"function":{"name":"us-central1-api"},"extension":{},"message":"\u001b[90m> \u001b[39m   decline_code: undefined,"}}
[info] >    payment_intent: undefined, {"user":"  payment_intent: undefined,","metadata":{"emulator":{"name":"functions"},"function":{"name":"us-central1-api"},"extension":{},"message":"\u001b[90m> \u001b[39m   payment_intent: undefined,"}}
[info] >    payment_method: undefined, {"user":"  payment_method: undefined,","metadata":{"emulator":{"name":"functions"},"function":{"name":"us-central1-api"},"extension":{},"message":"\u001b[90m> \u001b[39m   payment_method: undefined,"}}
[info] >    payment_method_type: undefined, {"user":"  payment_method_type: undefined,","metadata":{"emulator":{"name":"functions"},"function":{"name":"us-central1-api"},"extension":{},"message":"\u001b[90m> \u001b[39m   payment_method_type: undefined,"}}
[info] >    setup_intent: undefined, {"user":"  setup_intent: undefined,","metadata":{"emulator":{"name":"functions"},"function":{"name":"us-central1-api"},"extension":{},"message":"\u001b[90m> \u001b[39m   setup_intent: undefined,"}}
[info] >    source: undefined {"user":"  source: undefined","metadata":{"emulator":{"name":"functions"},"function":{"name":"us-central1-api"},"extension":{},"message":"\u001b[90m> \u001b[39m   source: undefined"}}
[info] >  } {"user":"}","metadata":{"emulator":{"name":"functions"},"function":{"name":"us-central1-api"},"extension":{},"message":"\u001b[90m> \u001b[39m }"}}
[info] >   {"user":"","metadata":{"emulator":{"name":"functions"},"function":{"name":"us-central1-api"},"extension":{},"message":"\u001b[90m> \u001b[39m "}}
[info] >  Node.js v18.4.0 {"user":"Node.js v18.4.0","metadata":{"emulator":{"name":"functions"},"function":{"name":"us-central1-api"},"extension":{},"message":"\u001b[90m> \u001b[39m Node.js v18.4.0"}}
[debug] [2022-11-22T13:47:04.980Z] [work-queue] {"queueLength":0,"workRunningCount":0}
[debug] [2022-11-22T13:47:04.981Z] DEBUG: [worker-us-central1-api-daff2fc3-558e-4e8b-a27c-d98737060cdc]: exited
[debug] [2022-11-22T13:47:04.981Z] DEBUG: [worker-us-central1-api-daff2fc3-558e-4e8b-a27c-d98737060cdc]: FINISHED
